<?xml version="1.0" encoding="UTF-8"?>
<testng-results ignored="0" total="1" passed="1" failed="0" skipped="0">
  <reporter-output>
  </reporter-output>
  <suite started-at="2023-04-02T07:11:07 IST" name="Default suite" finished-at="2023-04-02T07:11:07 IST" duration-ms="666">
    <groups>
    </groups>
    <test started-at="2023-04-02T07:11:07 IST" name="Default test" finished-at="2023-04-02T07:11:07 IST" duration-ms="666">
      <class name="maven_Practice.ParameterTest">
        <test-method signature="param()[pri:0, instance:maven_Practice.ParameterTest@a2431d0]" started-at="2023-04-02T07:11:07 IST" name="param" finished-at="2023-04-02T07:11:07 IST" duration-ms="259" status="PASS">
          <reporter-output>
          </reporter-output>
        </test-method> <!-- param -->
      </class> <!-- maven_Practice.ParameterTest -->
    </test> <!-- Default test -->
  </suite> <!-- Default suite -->
</testng-results>
